1663075422543	geckodriver	INFO	Listening on 127.0.0.1:42051
1663075422596	mozrunner::runner	INFO	Running command: "/usr/bin/firefox" "--marionette" "--remote-debugging-port" "57063" "--remote-allow-hosts" "localhost" "-no-remote" "-profile" "/tmp/rust_mozprofileatisqK"
[GFX1-]: glxtest: VA-API test failed: failed to initialise VAAPI connection.
ATTENTION: default value of option mesa_glthread overridden by environment.
ATTENTION: default value of option mesa_glthread overridden by environment.
ATTENTION: default value of option mesa_glthread overridden by environment.
ATTENTION: default value of option mesa_glthread overridden by environment.
1663075423121	Marionette	INFO	Marionette enabled
1663075423125	Marionette	INFO	Listening on port 42557
WebDriver BiDi listening on ws://localhost:57063
Read port: 42557
1663075423240	RemoteAgent	WARN	TLS certificate errors will be ignored for this session
console.warn: SearchSettings: "get: No settings file exists, new profile?" (new NotFoundError("Could not open the file at /tmp/rust_mozprofileatisqK/search.json.mozlz4", (void 0)))
Missing chrome or resource URL: resource://gre/modules/UpdateListener.sys.mjs
DevTools listening on ws://localhost:57063/devtools/browser/205c91f6-f5ed-47b5-b82d-7a5e035c7a6a
console.warn: LoginRecipes: "Falling back to a synchronous message for: https://www.linkedin.com."
console.warn: LoginRecipes: "Falling back to a synchronous message for: https://www.linkedin.com."
JavaScript error: https://static-exp1.licdn.com/aero-v1/sc/h/1f0o8asarfspok2zpu5dl86by, line 1: Error: Could not lazy load JS with src https://static-exp1.licdn.com/aero-v1/sc/h/98lptr8kagfxge22q7k1fps8
JavaScript error: https://static-exp1.licdn.com/aero-v1/sc/h/1f0o8asarfspok2zpu5dl86by, line 1: Error: Could not lazy load JS with src https://static-exp1.licdn.com/aero-v1/sc/h/etkd25e7kzp2lrg1w9y0kixlu
JavaScript error: , line 0: TypeError: NetworkError when attempting to fetch resource.
JavaScript error: , line 0: TypeError: NetworkError when attempting to fetch resource.
JavaScript error: , line 0: TypeError: NetworkError when attempting to fetch resource.
JavaScript warning: https://static-exp1.licdn.com/sc/h/dta6xvo3xj0zntzj4evdtjsfj, line 7070: unreachable code after return statement
JavaScript warning: https://static-exp1.licdn.com/sc/h/dta6xvo3xj0zntzj4evdtjsfj, line 18778: unreachable code after return statement
JavaScript warning: https://static-exp1.licdn.com/sc/h/7ia9pko5oxwlebgojf66lgm9x, line 6: unreachable code after return statement
JavaScript warning: https://static-exp1.licdn.com/sc/h/14dw27d925yvqddr7a22z1jap, line 2311: unreachable code after return statement
JavaScript warning: https://static-exp1.licdn.com/sc/h/7ia9pko5oxwlebgojf66lgm9x, line 6: unreachable code after return statement
JavaScript warning: https://static-exp1.licdn.com/sc/h/clq4hkcwvimzy7mbar27qmvs7, line 6: unreachable code after return statement
JavaScript warning: https://static-exp1.licdn.com/sc/h/3v2mqz24r7imdiisafjhd0e7c, line 39: unreachable code after return statement
JavaScript warning: https://static-exp1.licdn.com/sc/h/525bhsml5z0rjulb0xwrratno, line 39: unreachable code after return statement
1663075432167	Marionette	WARN	Ignoring event 'DOMContentLoaded' because document has an invalid readyState of 'complete'.
JavaScript warning: https://static-exp1.licdn.com/sc/h/37zzl627g9eif4m72j72t50nj, line 39: unreachable code after return statement
JavaScript warning: https://static-exp1.licdn.com/sc/h/4xtubd6v8uqjt48dhv8chogaq, line 6: unreachable code after return statement
JavaScript warning: https://static-exp1.licdn.com/sc/h/dta6xvo3xj0zntzj4evdtjsfj, line 7070: unreachable code after return statement
JavaScript warning: https://static-exp1.licdn.com/sc/h/dta6xvo3xj0zntzj4evdtjsfj, line 18778: unreachable code after return statement
JavaScript warning: https://static-exp1.licdn.com/sc/h/14dw27d925yvqddr7a22z1jap, line 2311: unreachable code after return statement
1663075438303	Marionette	WARN	Ignoring event 'DOMContentLoaded' because document has an invalid readyState of 'complete'.
JavaScript warning: https://static-exp1.licdn.com/sc/h/3v2mqz24r7imdiisafjhd0e7c, line 39: unreachable code after return statement
JavaScript warning: https://static-exp1.licdn.com/sc/h/525bhsml5z0rjulb0xwrratno, line 39: unreachable code after return statement
JavaScript warning: https://static-exp1.licdn.com/sc/h/7ia9pko5oxwlebgojf66lgm9x, line 6: unreachable code after return statement
JavaScript warning: https://static-exp1.licdn.com/sc/h/4vs8q09mb0tmrn51su0ksk6nl, line 39: unreachable code after return statement
JavaScript warning: https://static-exp1.licdn.com/sc/h/4xtubd6v8uqjt48dhv8chogaq, line 6: unreachable code after return statement
1663075447650	Marionette	INFO	Stopped listening on port 42557
Missing chrome or resource URL: resource://gre/modules/UpdateListener.sys.mjs
console.error: "Error during quit-application-granted: [Exception... \"File error: Not found\"  nsresult: \"0x80520012 (NS_ERROR_FILE_NOT_FOUND)\"  location: \"JS frame :: resource:///modules/BrowserGlue.jsm :: _onQuitApplicationGranted/tasks< :: line 2013\"  data: no]"
